<?xml version="1.0" encoding="UTF-8"?>
<!-- Generated by org.testng.reporters.JUnitReportReporter -->
<testsuite skipped="0" hostname="SUNIL-PC" name="com.automation.qa.testcases.AutomationAssignmentTest" tests="1" failures="0" timestamp="26 Sep 2020 07:28:44 GMT" time="123.429" errors="0">
  <testcase name="test" time="123.429" classname="com.automation.qa.testcases.AutomationAssignmentTest"/>
</testsuite> <!-- com.automation.qa.testcases.AutomationAssignmentTest -->
